<?xml version="1.0" encoding="UTF-8"?>
<testng-results ignored="0" total="1" passed="1" failed="0" skipped="0">
  <reporter-output>
  </reporter-output>
  <suite started-at="2018-09-07T10:21:09 CEST" name="Default Suite" finished-at="2018-09-07T10:21:18 CEST" duration-ms="9884">
    <groups>
    </groups>
    <test started-at="2018-09-07T10:21:09 CEST" name="bootcamp" finished-at="2018-09-07T10:21:18 CEST" duration-ms="9884">
      <class name="examples.FirstSeleniumTest">
        <test-method signature="logInSuccesfull()[pri:0, instance:examples.FirstSeleniumTest@6356695f]" started-at="2018-09-07T10:21:09 CEST" name="logInSuccesfull" finished-at="2018-09-07T10:21:18 CEST" duration-ms="9861" status="PASS">
          <reporter-output>
          </reporter-output>
        </test-method> <!-- logInSuccesfull -->
      </class> <!-- examples.FirstSeleniumTest -->
    </test> <!-- bootcamp -->
  </suite> <!-- Default Suite -->
</testng-results>
